<?xml version="1.0" encoding="UTF-8"?>
<!-- Generated by org.testng.reporters.JUnitXMLReporter -->
<testsuite ignored="0" hostname="DESKTOP-ISADT93" failures="4" tests="7" name="Command line test" time="23.164" errors="0" timestamp="2023-01-03T09:09:45 IST">
  <testcase classname="crossbrowser.MyTest" name="test" time="0.0">
    <failure type="org.testng.TestNGException" message="
Parameter &amp;apos;browser&amp;apos; is required by @Test on method test but has not been marked @Optional or defined
">
      <![CDATA[org.testng.TestNGException: 
Parameter 'browser' is required by @Test on method test but has not been marked @Optional or defined

at java.base/java.util.ArrayList.forEach(ArrayList.java:1541)
... Removed 36 stack frames]]>
    </failure>
  </testcase> <!-- test -->
  <testcase classname="dependency.DemoTest" name="test1" time="0.008"/>
  <testcase classname="dependency.DemoTest" name="test2" time="0.001"/>
  <testcase classname="dependency.DemoTest" name="test3" time="0.002"/>
  <testcase classname="listener.FbTest" name="titleCheck" time="5.278">
    <failure type="java.lang.AssertionError" message="expected [Fb] but found [Facebook – log in or sign up]">
      <![CDATA[java.lang.AssertionError: expected [Fb] but found [Facebook – log in or sign up]
at listener.FbTest.titleCheck(FbTest.java:20)
at java.base/java.util.ArrayList.forEach(ArrayList.java:1541)
... Removed 43 stack frames]]>
    </failure>
  </testcase> <!-- titleCheck -->
  <testcase classname="listener.FbTest" name="login" time="17.72">
    <failure type="java.lang.AssertionError" message="expected [Fb] but found [Facebook – log in or sign up]">
      <![CDATA[java.lang.AssertionError: expected [Fb] but found [Facebook – log in or sign up]
at listener.FbTest.login(FbTest.java:33)
at java.base/java.util.ArrayList.forEach(ArrayList.java:1541)
... Removed 43 stack frames]]>
    </failure>
  </testcase> <!-- login -->
  <testcase classname="parameters.LoginTest" name="login" time="0.0">
    <failure type="org.testng.TestNGException" message="
Parameter &amp;apos;uname&amp;apos; is required by @Test on method login but has not been marked @Optional or defined
">
      <![CDATA[org.testng.TestNGException: 
Parameter 'uname' is required by @Test on method login but has not been marked @Optional or defined

at java.base/java.util.ArrayList.forEach(ArrayList.java:1541)
... Removed 36 stack frames]]>
    </failure>
  </testcase> <!-- login -->
</testsuite> <!-- Command line test -->
