<?xml version="1.0" encoding="UTF-8"?>
<testng-results ignored="0" total="14" passed="12" failed="2" skipped="0">
  <reporter-output>
  </reporter-output>
  <suite started-at="2023-01-03T09:16:48 IST" name="Suite" finished-at="2023-01-03T09:16:48 IST" duration-ms="377">
    <groups>
      <group name="smoke">
        <method signature="Cart.editItem()[pri:0, instance:eshop.Cart@26d9b808]" name="editItem" class="eshop.Cart"/>
        <method signature="Home.login()[pri:0, instance:eshop.Home@3646a422]" name="login" class="eshop.Home"/>
        <method signature="Payment.creditCard()[pri:0, instance:eshop.Payment@740cae06]" name="creditCard" class="eshop.Payment"/>
        <method signature="Cart.editItem()[pri:0, instance:eshop.Cart@cb0755b]" name="editItem" class="eshop.Cart"/>
        <method signature="Home.login()[pri:0, instance:eshop.Home@4b013c76]" name="login" class="eshop.Home"/>
        <method signature="Payment.creditCard()[pri:0, instance:eshop.Payment@53fb3dab]" name="creditCard" class="eshop.Payment"/>
      </group> <!-- smoke -->
      <group name="sanity">
        <method signature="Cart.removeItem()[pri:0, instance:eshop.Cart@26d9b808]" name="removeItem" class="eshop.Cart"/>
        <method signature="Payment.cod()[pri:0, instance:eshop.Payment@740cae06]" name="cod" class="eshop.Payment"/>
        <method signature="Payment.creditCard()[pri:0, instance:eshop.Payment@740cae06]" name="creditCard" class="eshop.Payment"/>
        <method signature="Cart.removeItem()[pri:0, instance:eshop.Cart@cb0755b]" name="removeItem" class="eshop.Cart"/>
        <method signature="Payment.cod()[pri:0, instance:eshop.Payment@53fb3dab]" name="cod" class="eshop.Payment"/>
        <method signature="Payment.creditCard()[pri:0, instance:eshop.Payment@53fb3dab]" name="creditCard" class="eshop.Payment"/>
      </group> <!-- sanity -->
    </groups>
    <test started-at="2023-01-03T09:16:48 IST" name="Test1" finished-at="2023-01-03T09:16:48 IST" duration-ms="215">
      <class name="eshop.Payment">
        <test-method signature="cod()[pri:0, instance:eshop.Payment@740cae06]" started-at="2023-01-03T09:16:48 IST" name="cod" finished-at="2023-01-03T09:16:48 IST" duration-ms="1" status="PASS">
          <reporter-output>
          </reporter-output>
        </test-method> <!-- cod -->
        <test-method signature="creditCard()[pri:0, instance:eshop.Payment@740cae06]" started-at="2023-01-03T09:16:48 IST" name="creditCard" finished-at="2023-01-03T09:16:48 IST" duration-ms="4" status="PASS">
          <reporter-output>
          </reporter-output>
        </test-method> <!-- creditCard -->
        <test-method signature="debitCard()[pri:0, instance:eshop.Payment@740cae06]" started-at="2023-01-03T09:16:48 IST" name="debitCard" finished-at="2023-01-03T09:16:48 IST" duration-ms="4" status="PASS">
          <reporter-output>
          </reporter-output>
        </test-method> <!-- debitCard -->
      </class> <!-- eshop.Payment -->
      <class name="eshop.Home">
        <test-method is-config="true" signature="beforeTest()[pri:0, instance:eshop.Home@3646a422]" started-at="2023-01-03T09:16:48 IST" name="beforeTest" finished-at="2023-01-03T09:16:48 IST" duration-ms="32" status="PASS">
          <reporter-output>
          </reporter-output>
        </test-method> <!-- beforeTest -->
        <test-method is-config="true" signature="beforeClass()[pri:0, instance:eshop.Home@3646a422]" started-at="2023-01-03T09:16:48 IST" name="beforeClass" finished-at="2023-01-03T09:16:48 IST" duration-ms="1" status="PASS">
          <reporter-output>
          </reporter-output>
        </test-method> <!-- beforeClass -->
        <test-method is-config="true" signature="beforeMethod()[pri:0, instance:eshop.Home@3646a422]" started-at="2023-01-03T09:16:48 IST" name="beforeMethod" finished-at="2023-01-03T09:16:48 IST" duration-ms="2" status="PASS">
          <reporter-output>
          </reporter-output>
        </test-method> <!-- beforeMethod -->
        <test-method signature="login()[pri:0, instance:eshop.Home@3646a422]" started-at="2023-01-03T09:16:48 IST" name="login" finished-at="2023-01-03T09:16:48 IST" duration-ms="25" status="FAIL">
          <exception class="java.lang.AssertionError">
            <message>
              <![CDATA[expected [false] but found [true]]]>
            </message>
            <full-stacktrace>
              <![CDATA[java.lang.AssertionError: expected [false] but found [true]
at org.testng.Assert.fail(Assert.java:110)
at org.testng.Assert.failNotEquals(Assert.java:1413)
at org.testng.Assert.assertFalse(Assert.java:78)
at org.testng.Assert.assertFalse(Assert.java:88)
at eshop.Home.login(Home.java:19)
at java.base/jdk.internal.reflect.NativeMethodAccessorImpl.invoke0(Native Method)
at java.base/jdk.internal.reflect.NativeMethodAccessorImpl.invoke(NativeMethodAccessorImpl.java:62)
at java.base/jdk.internal.reflect.DelegatingMethodAccessorImpl.invoke(DelegatingMethodAccessorImpl.java:43)
at java.base/java.lang.reflect.Method.invoke(Method.java:566)
at org.testng.internal.invokers.MethodInvocationHelper.invokeMethod(MethodInvocationHelper.java:139)
at org.testng.internal.invokers.TestInvoker.invokeMethod(TestInvoker.java:677)
at org.testng.internal.invokers.TestInvoker.invokeTestMethod(TestInvoker.java:221)
at org.testng.internal.invokers.MethodRunner.runInSequence(MethodRunner.java:50)
at org.testng.internal.invokers.TestInvoker$MethodInvocationAgent.invoke(TestInvoker.java:969)
at org.testng.internal.invokers.TestInvoker.invokeTestMethods(TestInvoker.java:194)
at org.testng.internal.invokers.TestMethodWorker.invokeTestMethods(TestMethodWorker.java:148)
at org.testng.internal.invokers.TestMethodWorker.run(TestMethodWorker.java:128)
at java.base/java.util.ArrayList.forEach(ArrayList.java:1541)
at org.testng.TestRunner.privateRun(TestRunner.java:829)
at org.testng.TestRunner.run(TestRunner.java:602)
at org.testng.SuiteRunner.runTest(SuiteRunner.java:437)
at org.testng.SuiteRunner.runSequentially(SuiteRunner.java:431)
at org.testng.SuiteRunner.privateRun(SuiteRunner.java:391)
at org.testng.SuiteRunner.run(SuiteRunner.java:330)
at org.testng.SuiteRunnerWorker.runSuite(SuiteRunnerWorker.java:52)
at org.testng.SuiteRunnerWorker.run(SuiteRunnerWorker.java:95)
at org.testng.TestNG.runSuitesSequentially(TestNG.java:1256)
at org.testng.TestNG.runSuitesLocally(TestNG.java:1176)
at org.testng.TestNG.runSuites(TestNG.java:1099)
at org.testng.TestNG.run(TestNG.java:1067)
at org.apache.maven.surefire.testng.TestNGExecutor.run(TestNGExecutor.java:324)
at org.apache.maven.surefire.testng.TestNGXmlTestSuite.execute(TestNGXmlTestSuite.java:74)
at org.apache.maven.surefire.testng.TestNGProvider.invoke(TestNGProvider.java:123)
at org.apache.maven.surefire.booter.ForkedBooter.runSuitesInProcess(ForkedBooter.java:456)
at org.apache.maven.surefire.booter.ForkedBooter.execute(ForkedBooter.java:169)
at org.apache.maven.surefire.booter.ForkedBooter.run(ForkedBooter.java:595)
at org.apache.maven.surefire.booter.ForkedBooter.main(ForkedBooter.java:581)
]]>
            </full-stacktrace>
          </exception> <!-- java.lang.AssertionError -->
          <reporter-output>
          </reporter-output>
        </test-method> <!-- login -->
        <test-method is-config="true" signature="afterMethod()[pri:0, instance:eshop.Home@3646a422]" started-at="2023-01-03T09:16:48 IST" name="afterMethod" finished-at="2023-01-03T09:16:48 IST" duration-ms="4" status="PASS">
          <reporter-output>
          </reporter-output>
        </test-method> <!-- afterMethod -->
        <test-method signature="logout()[pri:0, instance:eshop.Home@3646a422]" started-at="2023-01-03T09:16:48 IST" name="logout" finished-at="2023-01-03T09:16:48 IST" duration-ms="1" status="PASS">
          <reporter-output>
          </reporter-output>
        </test-method> <!-- logout -->
        <test-method is-config="true" signature="beforeMethod()[pri:0, instance:eshop.Home@3646a422]" started-at="2023-01-03T09:16:48 IST" name="beforeMethod" finished-at="2023-01-03T09:16:48 IST" duration-ms="0" status="PASS">
          <reporter-output>
          </reporter-output>
        </test-method> <!-- beforeMethod -->
        <test-method is-config="true" signature="afterMethod()[pri:0, instance:eshop.Home@3646a422]" started-at="2023-01-03T09:16:48 IST" name="afterMethod" finished-at="2023-01-03T09:16:48 IST" duration-ms="0" status="PASS">
          <reporter-output>
          </reporter-output>
        </test-method> <!-- afterMethod -->
        <test-method is-config="true" signature="afterClass()[pri:0, instance:eshop.Home@3646a422]" started-at="2023-01-03T09:16:48 IST" name="afterClass" finished-at="2023-01-03T09:16:48 IST" duration-ms="3" status="PASS">
          <reporter-output>
          </reporter-output>
        </test-method> <!-- afterClass -->
        <test-method is-config="true" signature="aftertest()[pri:0, instance:eshop.Home@3646a422]" started-at="2023-01-03T09:16:48 IST" name="aftertest" finished-at="2023-01-03T09:16:48 IST" duration-ms="1" status="PASS">
          <reporter-output>
          </reporter-output>
        </test-method> <!-- aftertest -->
      </class> <!-- eshop.Home -->
      <class name="eshop.Cart">
        <test-method signature="editItem()[pri:0, instance:eshop.Cart@26d9b808]" started-at="2023-01-03T09:16:48 IST" name="editItem" finished-at="2023-01-03T09:16:48 IST" duration-ms="4" status="PASS">
          <reporter-output>
          </reporter-output>
        </test-method> <!-- editItem -->
        <test-method signature="removeItem()[pri:0, instance:eshop.Cart@26d9b808]" started-at="2023-01-03T09:16:48 IST" name="removeItem" finished-at="2023-01-03T09:16:48 IST" duration-ms="3" status="PASS">
          <reporter-output>
          </reporter-output>
        </test-method> <!-- removeItem -->
      </class> <!-- eshop.Cart -->
    </test> <!-- Test1 -->
    <test started-at="2023-01-03T09:16:48 IST" name="Test2" finished-at="2023-01-03T09:16:48 IST" duration-ms="37">
      <class name="eshop.Payment">
        <test-method signature="cod()[pri:0, instance:eshop.Payment@53fb3dab]" started-at="2023-01-03T09:16:48 IST" name="cod" finished-at="2023-01-03T09:16:48 IST" duration-ms="1" status="PASS">
          <reporter-output>
          </reporter-output>
        </test-method> <!-- cod -->
        <test-method signature="creditCard()[pri:0, instance:eshop.Payment@53fb3dab]" started-at="2023-01-03T09:16:48 IST" name="creditCard" finished-at="2023-01-03T09:16:48 IST" duration-ms="4" status="PASS">
          <reporter-output>
          </reporter-output>
        </test-method> <!-- creditCard -->
        <test-method signature="debitCard()[pri:0, instance:eshop.Payment@53fb3dab]" started-at="2023-01-03T09:16:48 IST" name="debitCard" finished-at="2023-01-03T09:16:48 IST" duration-ms="1" status="PASS">
          <reporter-output>
          </reporter-output>
        </test-method> <!-- debitCard -->
      </class> <!-- eshop.Payment -->
      <class name="eshop.Home">
        <test-method is-config="true" signature="beforeTest()[pri:0, instance:eshop.Home@4b013c76]" started-at="2023-01-03T09:16:48 IST" name="beforeTest" finished-at="2023-01-03T09:16:48 IST" duration-ms="6" status="PASS">
          <reporter-output>
          </reporter-output>
        </test-method> <!-- beforeTest -->
        <test-method is-config="true" signature="beforeClass()[pri:0, instance:eshop.Home@4b013c76]" started-at="2023-01-03T09:16:48 IST" name="beforeClass" finished-at="2023-01-03T09:16:48 IST" duration-ms="0" status="PASS">
          <reporter-output>
          </reporter-output>
        </test-method> <!-- beforeClass -->
        <test-method is-config="true" signature="beforeMethod()[pri:0, instance:eshop.Home@4b013c76]" started-at="2023-01-03T09:16:48 IST" name="beforeMethod" finished-at="2023-01-03T09:16:48 IST" duration-ms="1" status="PASS">
          <reporter-output>
          </reporter-output>
        </test-method> <!-- beforeMethod -->
        <test-method signature="login()[pri:0, instance:eshop.Home@4b013c76]" started-at="2023-01-03T09:16:48 IST" name="login" finished-at="2023-01-03T09:16:48 IST" duration-ms="1" status="FAIL">
          <exception class="java.lang.AssertionError">
            <message>
              <![CDATA[expected [false] but found [true]]]>
            </message>
            <full-stacktrace>
              <![CDATA[java.lang.AssertionError: expected [false] but found [true]
at org.testng.Assert.fail(Assert.java:110)
at org.testng.Assert.failNotEquals(Assert.java:1413)
at org.testng.Assert.assertFalse(Assert.java:78)
at org.testng.Assert.assertFalse(Assert.java:88)
at eshop.Home.login(Home.java:19)
at java.base/jdk.internal.reflect.NativeMethodAccessorImpl.invoke0(Native Method)
at java.base/jdk.internal.reflect.NativeMethodAccessorImpl.invoke(NativeMethodAccessorImpl.java:62)
at java.base/jdk.internal.reflect.DelegatingMethodAccessorImpl.invoke(DelegatingMethodAccessorImpl.java:43)
at java.base/java.lang.reflect.Method.invoke(Method.java:566)
at org.testng.internal.invokers.MethodInvocationHelper.invokeMethod(MethodInvocationHelper.java:139)
at org.testng.internal.invokers.TestInvoker.invokeMethod(TestInvoker.java:677)
at org.testng.internal.invokers.TestInvoker.invokeTestMethod(TestInvoker.java:221)
at org.testng.internal.invokers.MethodRunner.runInSequence(MethodRunner.java:50)
at org.testng.internal.invokers.TestInvoker$MethodInvocationAgent.invoke(TestInvoker.java:969)
at org.testng.internal.invokers.TestInvoker.invokeTestMethods(TestInvoker.java:194)
at org.testng.internal.invokers.TestMethodWorker.invokeTestMethods(TestMethodWorker.java:148)
at org.testng.internal.invokers.TestMethodWorker.run(TestMethodWorker.java:128)
at java.base/java.util.ArrayList.forEach(ArrayList.java:1541)
at org.testng.TestRunner.privateRun(TestRunner.java:829)
at org.testng.TestRunner.run(TestRunner.java:602)
at org.testng.SuiteRunner.runTest(SuiteRunner.java:437)
at org.testng.SuiteRunner.runSequentially(SuiteRunner.java:431)
at org.testng.SuiteRunner.privateRun(SuiteRunner.java:391)
at org.testng.SuiteRunner.run(SuiteRunner.java:330)
at org.testng.SuiteRunnerWorker.runSuite(SuiteRunnerWorker.java:52)
at org.testng.SuiteRunnerWorker.run(SuiteRunnerWorker.java:95)
at org.testng.TestNG.runSuitesSequentially(TestNG.java:1256)
at org.testng.TestNG.runSuitesLocally(TestNG.java:1176)
at org.testng.TestNG.runSuites(TestNG.java:1099)
at org.testng.TestNG.run(TestNG.java:1067)
at org.apache.maven.surefire.testng.TestNGExecutor.run(TestNGExecutor.java:324)
at org.apache.maven.surefire.testng.TestNGXmlTestSuite.execute(TestNGXmlTestSuite.java:74)
at org.apache.maven.surefire.testng.TestNGProvider.invoke(TestNGProvider.java:123)
at org.apache.maven.surefire.booter.ForkedBooter.runSuitesInProcess(ForkedBooter.java:456)
at org.apache.maven.surefire.booter.ForkedBooter.execute(ForkedBooter.java:169)
at org.apache.maven.surefire.booter.ForkedBooter.run(ForkedBooter.java:595)
at org.apache.maven.surefire.booter.ForkedBooter.main(ForkedBooter.java:581)
]]>
            </full-stacktrace>
          </exception> <!-- java.lang.AssertionError -->
          <reporter-output>
          </reporter-output>
        </test-method> <!-- login -->
        <test-method is-config="true" signature="afterMethod()[pri:0, instance:eshop.Home@4b013c76]" started-at="2023-01-03T09:16:48 IST" name="afterMethod" finished-at="2023-01-03T09:16:48 IST" duration-ms="1" status="PASS">
          <reporter-output>
          </reporter-output>
        </test-method> <!-- afterMethod -->
        <test-method signature="logout()[pri:0, instance:eshop.Home@4b013c76]" started-at="2023-01-03T09:16:48 IST" name="logout" finished-at="2023-01-03T09:16:48 IST" duration-ms="1" status="PASS">
          <reporter-output>
          </reporter-output>
        </test-method> <!-- logout -->
        <test-method is-config="true" signature="beforeMethod()[pri:0, instance:eshop.Home@4b013c76]" started-at="2023-01-03T09:16:48 IST" name="beforeMethod" finished-at="2023-01-03T09:16:48 IST" duration-ms="0" status="PASS">
          <reporter-output>
          </reporter-output>
        </test-method> <!-- beforeMethod -->
        <test-method is-config="true" signature="afterMethod()[pri:0, instance:eshop.Home@4b013c76]" started-at="2023-01-03T09:16:48 IST" name="afterMethod" finished-at="2023-01-03T09:16:48 IST" duration-ms="2" status="PASS">
          <reporter-output>
          </reporter-output>
        </test-method> <!-- afterMethod -->
        <test-method is-config="true" signature="afterClass()[pri:0, instance:eshop.Home@4b013c76]" started-at="2023-01-03T09:16:48 IST" name="afterClass" finished-at="2023-01-03T09:16:48 IST" duration-ms="1" status="PASS">
          <reporter-output>
          </reporter-output>
        </test-method> <!-- afterClass -->
        <test-method is-config="true" signature="aftertest()[pri:0, instance:eshop.Home@4b013c76]" started-at="2023-01-03T09:16:48 IST" name="aftertest" finished-at="2023-01-03T09:16:48 IST" duration-ms="1" status="PASS">
          <reporter-output>
          </reporter-output>
        </test-method> <!-- aftertest -->
      </class> <!-- eshop.Home -->
      <class name="eshop.Cart">
        <test-method signature="editItem()[pri:0, instance:eshop.Cart@cb0755b]" started-at="2023-01-03T09:16:48 IST" name="editItem" finished-at="2023-01-03T09:16:48 IST" duration-ms="1" status="PASS">
          <reporter-output>
          </reporter-output>
        </test-method> <!-- editItem -->
        <test-method signature="removeItem()[pri:0, instance:eshop.Cart@cb0755b]" started-at="2023-01-03T09:16:48 IST" name="removeItem" finished-at="2023-01-03T09:16:48 IST" duration-ms="0" status="PASS">
          <reporter-output>
          </reporter-output>
        </test-method> <!-- removeItem -->
      </class> <!-- eshop.Cart -->
    </test> <!-- Test2 -->
  </suite> <!-- Suite -->
</testng-results>
